{"level":"error","message":"GET en /views/login - at 8/5/2024 17:48:19"}
{"level":"error","message":"GET en /views/login - at 8/5/2024 17:49:45"}
{"level":"error","message":"GET en /views/login - at 8/5/2024 17:50:34"}
{"level":"error","message":"GET en /views/login - at 8/5/2024 17:53:06"}
{"level":"error","message":"GET en /views/login  - at 25/5/2024 19:12:28"}
{"level":"error","message":"GET en /favicon.ico  - at 25/5/2024 19:12:28"}
{"level":"error","message":"GET en /api/mailer/passrecovery  - at 25/5/2024 19:12:33"}
{"level":"error","message":"GET en /api/mailer/passrecovery  - at 25/5/2024 19:14:57"}
{"level":"error","message":"GET en /api/mailer/passrecovery  - at 25/5/2024 19:15:43"}
{"level":"error","message":"GET en /api/mailer/passrecovery  - at 25/5/2024 19:15:45"}
{"level":"error","message":"GET en /api/mailer/passrecovery  - at 25/5/2024 19:16:13"}
{"level":"error","message":"GET en /api/mailer/passrecovery  - at 25/5/2024 19:16:41"}
{"level":"error","message":"GET en /api/mailer/passrecovery  - at 25/5/2024 19:16:42"}
{"level":"error","message":"GET en /api/mailer/passrecovery  - at 25/5/2024 19:17:13"}
{"level":"error","message":"GET en /api/mailer/passrecovery  - at 25/5/2024 19:17:39"}
{"level":"error","message":"GET en /api/mailer/passrecovery  - at 25/5/2024 19:18:38"}
{"level":"error","message":"GET en /views/login  - at 25/5/2024 19:19:18"}
{"level":"error","message":"GET en /views/login  - at 25/5/2024 19:19:21"}
{"level":"error","message":"GET en /views/login  - at 25/5/2024 19:19:29"}
{"level":"error","message":"GET en /views/login  - at 25/5/2024 19:19:30"}
{"level":"error","message":"GET en /views/login  - at 25/5/2024 19:19:31"}
{"level":"error","message":"GET en /views/login  - at 25/5/2024 19:19:31"}
{"level":"error","message":"GET en /views/login  - at 25/5/2024 19:19:32"}
{"level":"error","message":"GET en /views/login  - at 25/5/2024 19:19:32"}
{"level":"error","message":"GET en /views/login  - at 25/5/2024 19:19:32"}
{"level":"error","message":"GET en /views/login  - at 25/5/2024 19:19:34"}
{"level":"error","message":"GET en /views/login  - at 25/5/2024 19:20:52"}
{"level":"error","message":"GET en /views/login  - at 25/5/2024 19:20:54"}
{"level":"error","message":"GET en /views/login  - at 25/5/2024 19:22:14"}
{"level":"error","message":"GET en /views/login  - at 25/5/2024 19:30:12"}
{"level":"error","message":"GET en /api/mailer/passrecovery  - at 25/5/2024 19:30:42"}
{"level":"error","message":"GET en /api/mailer/passrecovery  - at 25/5/2024 19:30:56"}
{"level":"error","message":"GET en /api/mailer/passrecovery  - at 25/5/2024 19:31:51"}
{"level":"error","message":"GET en /api/mailer/passrecovery  - at 25/5/2024 19:32:06"}
{"level":"error","message":"GET en /views/login  - at 25/5/2024 19:36:01"}
{"level":"error","message":"GET en /api/mailer/passrecovery?email=  - at 25/5/2024 19:36:03"}
{"level":"error","message":"GET en /api/mailer/passrecovery?email=  - at 25/5/2024 19:36:07"}
{"level":"error","message":"GET en /views/login  - at 25/5/2024 19:37:00"}
{"level":"error","message":"GET en /api/mailer/passrecovery?emailR=ramirostrologo%40gmail.com  - at 25/5/2024 19:37:06"}
{"level":"error","message":"GET en /api/mailer/passrecovery?emailR=ramirostrologo%40gmail.com  - at 25/5/2024 19:37:25"}
{"level":"error","message":"GET en /api/mailer/passrecovery?emailR=ramirostrologo%40gmail.com  - at 25/5/2024 19:38:41"}
{"level":"error","message":"GET en /api/mailer/passrecovery?emailR=ramirostrologo%40gmail.com  - at 25/5/2024 19:39:04"}
{"level":"error","message":"GET en /api/mailer/passrecovery?emailR=ramirostrologo%40gmail.com  - at 25/5/2024 19:46:04"}
{"level":"error","message":"GET en /api/mailer/passrecovery?emailR=ramirostrologo%40gmail.com  - at 25/5/2024 19:46:21"}
{"level":"error","message":"GET en /api/mailer/passrecovery?emailR=ramirostrologo%40gmail.com  - at 25/5/2024 19:47:47"}
{"level":"error","message":"GET en /api/mailer/passrecovery?emailR=ramirostrologo%40gmail.com  - at 25/5/2024 19:48:01"}
{"level":"error","message":"GET en /api/mailer/passrecovery?emailR=ramirostrologo%40gmail.com  - at 25/5/2024 19:49:21"}
{"level":"error","message":"GET en /api/mailer/passrecovery?emailR=ramirostrologo%40gmail.com  - at 25/5/2024 19:53:57"}
{"level":"error","message":"GET en /api/mailer/passrecovery?emailR=ramirostrologo%40gmail.com  - at 25/5/2024 19:55:15"}
{"level":"error","message":"GET en /api/mailer/passrecovery?emailR=ramirostrologo%40gmail.com  - at 25/5/2024 19:55:33"}
{"level":"error","message":"GET en /api/mailer/passrecovery?emailR=ramirostrologo%40gmail.com  - at 25/5/2024 19:56:21"}
{"level":"error","message":"GET en /views/login  - at 25/5/2024 19:56:27"}
{"level":"error","message":"POST en /api/mailer/passrecovery  - at 25/5/2024 19:56:29"}
{"level":"error","message":"POST en /api/mailer/passrecovery  - at 25/5/2024 19:56:48"}
{"level":"error","message":"POST en /api/mailer/passrecovery  - at 25/5/2024 19:57:20"}
{"level":"error","message":"POST en /api/mailer/passrecovery  - at 25/5/2024 19:59:13"}
{"level":"error","message":"GET en /views/passrecovery  - at 25/5/2024 19:59:29"}
{"level":"error","message":"POST en /api/mailer/passrecovery  - at 25/5/2024 19:59:43"}
{"level":"error","message":"GET en /views/login  - at 26/5/2024 15:07:17"}
{"level":"error","message":"GET en /favicon.ico  - at 26/5/2024 15:07:17"}
{"level":"error","message":"POST en /api/mailer/passrecovery  - at 26/5/2024 15:07:21"}
{"level":"error","message":"POST en /api/mailer/passrecovery  - at 26/5/2024 15:08:09"}
{"level":"error","message":"POST en /api/mailer/passrecovery  - at 26/5/2024 15:08:32"}
{"level":"error","message":"POST en /api/mailer/passrecovery  - at 26/5/2024 15:13:23"}
{"level":"error","message":"GET en /views/passrecovery  - at 26/5/2024 15:13:32"}
{"level":"error","message":"GET en /views/login  - at 26/5/2024 15:47:36"}
{"level":"error","message":"POST en /api/mailer/passrecovery  - at 26/5/2024 15:47:39"}
{"level":"error","message":"POST en /api/auth/login  - at 26/5/2024 15:47:51"}
{"level":"error","message":"GET en /views/products  - at 26/5/2024 15:47:54"}
{"level":"error","message":"GET en /js/index.js  - at 26/5/2024 15:47:54"}
{"level":"error","message":"GET en /api/products  - at 26/5/2024 15:47:55"}
{"level":"error","message":"GET en /api/session/current  - at 26/5/2024 15:47:57"}
{"level":"error","message":"POST en /api/mailer/passrecovery  - at 26/5/2024 15:48:01"}
{"level":"error","message":"GET en /views/passrecovery  - at 26/5/2024 15:48:07"}
{"level":"error","message":"GET en /views/passrecovery  - at 26/5/2024 15:48:31"}
{"level":"error","message":"POST en /api/mailer/changepass  - at 26/5/2024 15:48:36"}
{"level":"error","message":"POST en /api/mailer/changepass  - at 26/5/2024 15:48:42"}
{"level":"error","message":"POST en /api/mailer/changepass  - at 26/5/2024 15:50:00"}
{"level":"error","message":"POST en /api/auth/login  - at 26/5/2024 15:50:13"}
{"level":"error","message":"GET en /views/products  - at 26/5/2024 15:50:15"}
{"level":"error","message":"GET en /js/index.js  - at 26/5/2024 15:50:16"}
{"level":"error","message":"GET en /api/products  - at 26/5/2024 15:50:16"}
{"level":"error","message":"POST en /api/auth/login  - at 26/5/2024 15:50:19"}
{"level":"error","message":"POST en /api/auth/login  - at 26/5/2024 15:50:23"}
{"level":"error","message":"GET en /views/products  - at 26/5/2024 15:50:24"}
{"level":"error","message":"GET en /js/index.js  - at 26/5/2024 15:50:24"}
{"level":"error","message":"GET en /api/products  - at 26/5/2024 15:50:25"}
{"level":"error","message":"POST en /api/mailer/changepass  - at 26/5/2024 15:50:47"}
{"level":"error","message":"POST en /api/mailer/changepass  - at 26/5/2024 15:51:21"}
{"level":"error","message":"POST en /api/mailer/changepass  - at 26/5/2024 15:51:26"}
{"level":"error","message":"POST en /api/mailer/changepass  - at 26/5/2024 15:51:38"}
{"level":"error","message":"POST en /api/mailer/changepass  - at 26/5/2024 15:52:17"}
{"level":"error","message":"POST en /api/mailer/changepass  - at 26/5/2024 15:52:21"}
{"level":"error","message":"POST en /api/auth/login  - at 26/5/2024 15:52:27"}
{"level":"error","message":"POST en /api/auth/login  - at 26/5/2024 15:52:29"}
{"level":"error","message":"GET en /views/products  - at 26/5/2024 15:52:31"}
{"level":"error","message":"GET en /js/index.js  - at 26/5/2024 15:52:31"}
{"level":"error","message":"GET en /api/products  - at 26/5/2024 15:52:32"}
{"level":"error","message":"GET en /api/session/current  - at 26/5/2024 15:52:32"}
{"level":"error","message":"GET en /views/login  - at 27/5/2024 16:53:26"}
{"level":"error","message":"GET en /apidocs/  - at 27/5/2024 16:53:32"}
{"level":"error","message":"GET en /apidocs/swagger-ui-standalone-preset.js  - at 27/5/2024 16:53:32"}
{"level":"error","message":"GET en /apidocs/swagger-ui-init.js  - at 27/5/2024 16:53:32"}
{"level":"error","message":"GET en /apidocs/swagger-ui-bundle.js  - at 27/5/2024 16:53:33"}
{"level":"error","message":"GET en /apidocs/swagger-ui.css  - at 27/5/2024 16:53:33"}
{"level":"error","message":"GET en /apidocs/  - at 27/5/2024 16:56:18"}
{"level":"error","message":"GET en /apidocs/swagger-ui.css  - at 27/5/2024 16:56:19"}
{"level":"error","message":"GET en /apidocs/swagger-ui-init.js  - at 27/5/2024 16:56:19"}
{"level":"error","message":"GET en /apidocs/swagger-ui-standalone-preset.js  - at 27/5/2024 16:56:21"}
{"level":"error","message":"GET en /apidocs/swagger-ui-bundle.js  - at 27/5/2024 16:56:21"}
{"level":"error","message":"GET en /apidocs/favicon-32x32.png  - at 27/5/2024 16:56:22"}
{"level":"error","message":"GET en /api/products/  - at 27/5/2024 16:56:35"}
{"level":"error","message":"GET en /apidocs/  - at 27/5/2024 16:57:43"}
{"level":"error","message":"GET en /apidocs/swagger-ui.css  - at 27/5/2024 16:57:44"}
{"level":"error","message":"GET en /apidocs/swagger-ui-init.js  - at 27/5/2024 16:57:44"}
{"level":"error","message":"GET en /apidocs/swagger-ui-bundle.js  - at 27/5/2024 16:57:45"}
{"level":"error","message":"GET en /apidocs/swagger-ui-standalone-preset.js  - at 27/5/2024 16:57:45"}
{"level":"error","message":"GET en /apidocs/favicon-32x32.png  - at 27/5/2024 16:57:45"}
{"level":"error","message":"GET en /apidocs/  - at 27/5/2024 16:59:18"}
{"level":"error","message":"GET en /apidocs/swagger-ui.css  - at 27/5/2024 16:59:18"}
{"level":"error","message":"GET en /apidocs/swagger-ui-init.js  - at 27/5/2024 16:59:18"}
{"level":"error","message":"GET en /apidocs/swagger-ui-bundle.js  - at 27/5/2024 16:59:19"}
{"level":"error","message":"GET en /apidocs/swagger-ui-standalone-preset.js  - at 27/5/2024 16:59:19"}
{"level":"error","message":"GET en /apidocs/favicon-32x32.png  - at 27/5/2024 16:59:20"}
{"level":"error","message":"GET en /apidocs/  - at 27/5/2024 17:01:15"}
{"level":"error","message":"GET en /apidocs/swagger-ui.css  - at 27/5/2024 17:01:16"}
{"level":"error","message":"GET en /apidocs/swagger-ui-init.js  - at 27/5/2024 17:01:16"}
{"level":"error","message":"GET en /apidocs/swagger-ui-bundle.js  - at 27/5/2024 17:01:17"}
{"level":"error","message":"GET en /apidocs/swagger-ui-standalone-preset.js  - at 27/5/2024 17:01:17"}
{"level":"error","message":"GET en /apidocs/favicon-32x32.png  - at 27/5/2024 17:01:17"}
{"level":"error","message":"GET en /apidocs/  - at 27/5/2024 17:03:10"}
{"level":"error","message":"GET en /apidocs/swagger-ui.css  - at 27/5/2024 17:03:10"}
{"level":"error","message":"GET en /apidocs/swagger-ui-init.js  - at 27/5/2024 17:03:10"}
{"level":"error","message":"GET en /apidocs/swagger-ui-standalone-preset.js  - at 27/5/2024 17:03:11"}
{"level":"error","message":"GET en /apidocs/swagger-ui-bundle.js  - at 27/5/2024 17:03:11"}
{"level":"error","message":"GET en /apidocs/favicon-32x32.png  - at 27/5/2024 17:03:12"}
{"level":"error","message":"GET en /apidocs/  - at 27/5/2024 17:03:44"}
{"level":"error","message":"GET en /apidocs/swagger-ui.css  - at 27/5/2024 17:03:44"}
{"level":"error","message":"GET en /apidocs/swagger-ui-init.js  - at 27/5/2024 17:03:44"}
{"level":"error","message":"GET en /apidocs/swagger-ui-standalone-preset.js  - at 27/5/2024 17:03:45"}
{"level":"error","message":"GET en /apidocs/swagger-ui-bundle.js  - at 27/5/2024 17:03:45"}
{"level":"error","message":"GET en /apidocs/favicon-32x32.png  - at 27/5/2024 17:03:45"}
{"level":"error","message":"GET en /apidocs/  - at 27/5/2024 17:08:07"}
{"level":"error","message":"GET en /apidocs/swagger-ui.css  - at 27/5/2024 17:08:08"}
{"level":"error","message":"GET en /apidocs/swagger-ui-init.js  - at 27/5/2024 17:08:08"}
{"level":"error","message":"GET en /apidocs/swagger-ui-bundle.js  - at 27/5/2024 17:08:09"}
{"level":"error","message":"GET en /apidocs/swagger-ui-standalone-preset.js  - at 27/5/2024 17:08:10"}
{"level":"error","message":"GET en /apidocs/favicon-32x32.png  - at 27/5/2024 17:08:10"}
{"level":"error","message":"GET en /apidocs/  - at 27/5/2024 17:12:48"}
{"level":"error","message":"GET en /apidocs/swagger-ui.css  - at 27/5/2024 17:12:49"}
{"level":"error","message":"GET en /apidocs/swagger-ui-init.js  - at 27/5/2024 17:12:49"}
{"level":"error","message":"GET en /apidocs/swagger-ui-bundle.js  - at 27/5/2024 17:12:49"}
{"level":"error","message":"GET en /apidocs/swagger-ui-standalone-preset.js  - at 27/5/2024 17:12:49"}
{"level":"error","message":"GET en /apidocs/favicon-32x32.png  - at 27/5/2024 17:12:50"}
{"level":"error","message":"GET en /apidocs/  - at 27/5/2024 17:19:14"}
{"level":"error","message":"GET en /apidocs/swagger-ui.css  - at 27/5/2024 17:19:14"}
{"level":"error","message":"GET en /apidocs/swagger-ui-init.js  - at 27/5/2024 17:19:14"}
{"level":"error","message":"GET en /apidocs/swagger-ui-standalone-preset.js  - at 27/5/2024 17:19:15"}
{"level":"error","message":"GET en /apidocs/swagger-ui-bundle.js  - at 27/5/2024 17:19:15"}
{"level":"error","message":"GET en /apidocs/favicon-32x32.png  - at 27/5/2024 17:19:16"}
{"level":"error","message":"GET en /apidocs/  - at 27/5/2024 17:23:17"}
{"level":"error","message":"GET en /apidocs/swagger-ui.css  - at 27/5/2024 17:23:18"}
{"level":"error","message":"GET en /apidocs/swagger-ui-init.js  - at 27/5/2024 17:23:18"}
{"level":"error","message":"GET en /apidocs/swagger-ui-standalone-preset.js  - at 27/5/2024 17:23:19"}
{"level":"error","message":"GET en /apidocs/swagger-ui-bundle.js  - at 27/5/2024 17:23:19"}
{"level":"error","message":"GET en /apidocs/favicon-32x32.png  - at 27/5/2024 17:23:19"}
{"level":"error","message":"GET en /views/login  - at 22/6/2024 17:26:19"}
{"level":"error","message":"GET en /favicon.ico  - at 22/6/2024 17:26:20"}
{"level":"error","message":"GET en /views/logup  - at 22/6/2024 17:26:21"}
{"level":"error","message":"GET en /views/login  - at 22/6/2024 17:29:12"}
{"level":"error","message":"GET en /views/logup  - at 22/6/2024 17:29:14"}
{"level":"error","message":"POST en /api/auth/register  - at 22/6/2024 17:29:26"}
{"level":"error","message":"POST en /api/cart/newCart  - at 22/6/2024 17:29:26"}
{"level":"error","message":"GET en /views/login  - at 22/6/2024 17:29:28"}
{"level":"error","message":"GET en /views/login  - at 24/6/2024 20:50:51"}
{"level":"error","message":"GET en /favicon.ico  - at 24/6/2024 20:50:51"}
{"level":"error","message":"GET en /views/login  - at 24/6/2024 20:51:50"}
{"level":"error","message":"POST en /api/auth/login  - at 24/6/2024 20:51:54"}
{"level":"error","message":"POST en /api/auth/login  - at 24/6/2024 20:51:58"}
{"level":"error","message":"POST en /api/auth/login  - at 24/6/2024 20:52:00"}
{"level":"error","message":"POST en /api/auth/login  - at 24/6/2024 20:52:05"}
{"level":"error","message":"GET en /views/products  - at 24/6/2024 20:52:08"}
{"level":"error","message":"GET en /js/index.js  - at 24/6/2024 20:52:08"}
{"level":"error","message":"GET en /api/products  - at 24/6/2024 20:52:08"}
{"level":"error","message":"GET en /api/session/current  - at 24/6/2024 20:52:09"}
{"level":"error","message":"GET en /views/login  - at 24/6/2024 23:22:53"}
{"level":"error","message":"GET en /favicon.ico  - at 24/6/2024 23:22:55"}
{"level":"error","message":"POST en /api/auth/login  - at 24/6/2024 23:22:58"}
{"level":"error","message":"GET en /views/products  - at 24/6/2024 23:22:59"}
{"level":"error","message":"GET en /js/index.js  - at 24/6/2024 23:22:59"}
{"level":"error","message":"GET en /api/products  - at 24/6/2024 23:23:00"}
{"level":"error","message":"GET en /api/session/current  - at 24/6/2024 23:23:00"}
{"level":"error","message":"GET en /views/products  - at 24/6/2024 23:25:17"}
{"level":"error","message":"GET en /js/index.js  - at 24/6/2024 23:25:17"}
{"level":"error","message":"GET en /api/products  - at 24/6/2024 23:25:19"}
{"level":"error","message":"GET en /api/session/current  - at 24/6/2024 23:25:19"}
{"level":"error","message":"GET en /views/userManager  - at 24/6/2024 23:25:21"}
{"level":"error","message":"GET en /api/products  - at 24/6/2024 23:25:21"}
{"level":"error","message":"GET en /api/session/current  - at 24/6/2024 23:25:29"}
{"level":"error","message":"GET en /views/managerProds  - at 24/6/2024 23:25:30"}
{"level":"error","message":"GET en /api/products  - at 24/6/2024 23:25:30"}
{"level":"error","message":"GET en /api/products  - at 24/6/2024 23:25:31"}
{"level":"error","message":"GET en /api/session/current  - at 24/6/2024 23:25:32"}
{"level":"error","message":"GET en /api/session/current  - at 24/6/2024 23:25:32"}
{"level":"error","message":"GET en /api/products  - at 24/6/2024 23:26:20"}
{"level":"error","message":"GET en /views/userManager  - at 24/6/2024 23:26:21"}
{"level":"error","message":"GET en /api/products  - at 24/6/2024 23:26:21"}
{"level":"error","message":"GET en /api/products  - at 24/6/2024 23:26:22"}
{"level":"error","message":"GET en /api/session/current  - at 24/6/2024 23:26:22"}
{"level":"error","message":"GET en /api/products  - at 24/6/2024 23:26:22"}
{"level":"error","message":"GET en /api/session/current  - at 24/6/2024 23:26:23"}
{"level":"error","message":"GET en /api/session/current  - at 24/6/2024 23:26:23"}
{"level":"error","message":"GET en /api/session/current  - at 24/6/2024 23:26:23"}
{"level":"error","message":"GET en /views/managerProds  - at 24/6/2024 23:26:51"}
{"level":"error","message":"GET en /api/products  - at 24/6/2024 23:26:52"}
{"level":"error","message":"GET en /api/products  - at 24/6/2024 23:26:54"}
{"level":"error","message":"GET en /api/session/current  - at 24/6/2024 23:26:54"}
{"level":"error","message":"GET en /api/products  - at 24/6/2024 23:26:54"}
{"level":"error","message":"GET en /api/session/current  - at 24/6/2024 23:26:54"}
{"level":"error","message":"GET en /api/products  - at 24/6/2024 23:26:55"}
{"level":"error","message":"GET en /api/session/current  - at 24/6/2024 23:26:55"}
{"level":"error","message":"GET en /api/products  - at 24/6/2024 23:26:55"}
{"level":"error","message":"GET en /api/session/current  - at 24/6/2024 23:26:55"}
{"level":"error","message":"GET en /api/products  - at 24/6/2024 23:26:56"}
{"level":"error","message":"GET en /api/session/current  - at 24/6/2024 23:26:56"}
{"level":"error","message":"GET en /api/products  - at 24/6/2024 23:26:57"}
{"level":"error","message":"GET en /api/session/current  - at 24/6/2024 23:26:57"}
{"level":"error","message":"GET en /api/products  - at 24/6/2024 23:26:57"}
{"level":"error","message":"GET en /api/session/current  - at 24/6/2024 23:26:57"}
{"level":"error","message":"GET en /api/session/current  - at 24/6/2024 23:26:58"}
{"level":"error","message":"POST en /api/auth/login  - at 24/6/2024 23:27:04"}
{"level":"error","message":"GET en /views/products  - at 24/6/2024 23:27:05"}
{"level":"error","message":"GET en /js/index.js  - at 24/6/2024 23:27:05"}
{"level":"error","message":"GET en /api/products  - at 24/6/2024 23:27:06"}
{"level":"error","message":"GET en /api/session/current  - at 24/6/2024 23:27:06"}
{"level":"error","message":"GET en /views/products  - at 24/6/2024 23:27:31"}
{"level":"error","message":"GET en /js/index.js  - at 24/6/2024 23:27:32"}
{"level":"error","message":"GET en /api/products  - at 24/6/2024 23:27:33"}
{"level":"error","message":"GET en /api/session/current  - at 24/6/2024 23:27:33"}
{"level":"error","message":"GET en /views/userManager  - at 24/6/2024 23:27:40"}
{"level":"error","message":"GET en /api/products  - at 24/6/2024 23:27:40"}
{"level":"error","message":"GET en /api/session/current  - at 24/6/2024 23:28:02"}
{"level":"error","message":"GET en /api/products  - at 24/6/2024 23:28:07"}
{"level":"error","message":"GET en /views/cart  - at 24/6/2024 23:28:08"}
{"level":"error","message":"GET en /api/products  - at 24/6/2024 23:28:08"}
{"level":"error","message":"GET en /js/index.js  - at 24/6/2024 23:28:09"}
{"level":"error","message":"GET en /api/session/current  - at 24/6/2024 23:28:10"}
{"level":"error","message":"GET en /api/session/current  - at 24/6/2024 23:28:10"}
{"level":"error","message":"GET en /api/session/current  - at 24/6/2024 23:28:11"}
{"level":"error","message":"PUT en /api/cart/addProdToCart/66246555947b755857aade9d/65d9333b219de0dcaff755e4  - at 24/6/2024 23:28:11"}
{"level":"error","message":"GET en /api/products  - at 24/6/2024 23:28:13"}
{"level":"error","message":"GET en /views/cart  - at 24/6/2024 23:28:13"}
{"level":"error","message":"GET en /js/index.js  - at 24/6/2024 23:28:13"}
{"level":"error","message":"GET en /api/products  - at 24/6/2024 23:28:14"}
{"level":"error","message":"GET en /api/session/current  - at 24/6/2024 23:28:14"}
{"level":"error","message":"GET en /api/products  - at 24/6/2024 23:28:15"}
{"level":"error","message":"GET en /api/cart/66246555947b755857aade9d  - at 24/6/2024 23:28:15"}
{"level":"error","message":"GET en /api/products  - at 24/6/2024 23:28:15"}
{"level":"error","message":"GET en /api/session/current  - at 24/6/2024 23:28:18"}
{"level":"error","message":"GET en /api/session/current  - at 24/6/2024 23:28:18"}
{"level":"error","message":"GET en /api/session/current  - at 24/6/2024 23:28:18"}
{"level":"error","message":"GET en /api/session/current  - at 24/6/2024 23:28:19"}
{"level":"error","message":"GET en /views/userManager  - at 24/6/2024 23:30:30"}
{"level":"error","message":"GET en /api/products  - at 24/6/2024 23:30:30"}
{"level":"error","message":"GET en /api/products  - at 24/6/2024 23:30:30"}
{"level":"error","message":"GET en /api/products  - at 24/6/2024 23:30:31"}
{"level":"error","message":"GET en /api/products  - at 24/6/2024 23:30:31"}
{"level":"error","message":"GET en /api/products  - at 24/6/2024 23:30:32"}
{"level":"error","message":"GET en /api/products  - at 24/6/2024 23:30:32"}
{"level":"error","message":"GET en /api/products  - at 24/6/2024 23:30:33"}
{"level":"error","message":"GET en /api/products  - at 24/6/2024 23:30:33"}
{"level":"error","message":"GET en /api/session/current  - at 24/6/2024 23:30:55"}
{"level":"error","message":"GET en /api/session/current  - at 24/6/2024 23:30:55"}
{"level":"error","message":"GET en /api/session/current  - at 24/6/2024 23:30:55"}
{"level":"error","message":"GET en /api/session/current  - at 24/6/2024 23:30:56"}
{"level":"error","message":"GET en /api/session/current  - at 24/6/2024 23:30:56"}
{"level":"error","message":"GET en /api/session/current  - at 24/6/2024 23:30:56"}
{"level":"error","message":"GET en /api/session/current  - at 24/6/2024 23:30:57"}
{"level":"error","message":"GET en /api/session/current  - at 24/6/2024 23:30:58"}
{"level":"error","message":"POST en /api/auth/login  - at 24/6/2024 23:31:10"}
{"level":"error","message":"GET en /views/products  - at 24/6/2024 23:31:12"}
{"level":"error","message":"GET en /js/index.js  - at 24/6/2024 23:31:12"}
{"level":"error","message":"GET en /api/products  - at 24/6/2024 23:31:13"}
{"level":"error","message":"GET en /api/session/current  - at 24/6/2024 23:31:13"}
{"level":"error","message":"GET en /views/userManager  - at 24/6/2024 23:31:14"}
{"level":"error","message":"GET en /api/products  - at 24/6/2024 23:31:14"}
{"level":"error","message":"GET en /views/login  - at 25/6/2024 16:23:40"}
{"level":"error","message":"GET en /favicon.ico  - at 25/6/2024 16:23:41"}
{"level":"error","message":"POST en /api/auth/login  - at 25/6/2024 16:23:44"}
{"level":"error","message":"POST en /api/auth/login  - at 25/6/2024 16:23:52"}
{"level":"error","message":"POST en /api/auth/login  - at 25/6/2024 16:24:24"}
{"level":"error","message":"POST en /api/auth/login  - at 25/6/2024 16:24:27"}
{"level":"error","message":"GET en /views/products  - at 25/6/2024 16:24:29"}
{"level":"error","message":"GET en /js/index.js  - at 25/6/2024 16:24:30"}
{"level":"error","message":"GET en /api/products  - at 25/6/2024 16:24:30"}
{"level":"error","message":"GET en /api/session/current  - at 25/6/2024 16:24:31"}
{"level":"error","message":"GET en /views/managerProds  - at 25/6/2024 16:24:32"}
{"level":"error","message":"GET en /api/products  - at 25/6/2024 16:24:32"}
{"level":"error","message":"GET en /api/session/current  - at 25/6/2024 16:25:37"}
{"level":"error","message":"GET en /api/products  - at 25/6/2024 16:25:39"}
{"level":"error","message":"GET en /api/products  - at 25/6/2024 16:25:39"}
{"level":"error","message":"GET en /views/managerProds  - at 25/6/2024 16:25:40"}
{"level":"error","message":"GET en /api/session/current  - at 25/6/2024 16:25:40"}
{"level":"error","message":"GET en /api/session/current  - at 25/6/2024 16:25:41"}
{"level":"error","message":"GET en /api/products  - at 25/6/2024 16:25:46"}
{"level":"error","message":"GET en /views/managerProds  - at 25/6/2024 16:25:46"}
{"level":"error","message":"GET en /api/products  - at 25/6/2024 16:25:47"}
{"level":"error","message":"GET en /api/products  - at 25/6/2024 16:25:47"}
{"level":"error","message":"GET en /api/products  - at 25/6/2024 16:25:48"}
{"level":"error","message":"GET en /api/session/current  - at 25/6/2024 16:26:06"}
{"level":"error","message":"GET en /api/session/current  - at 25/6/2024 16:26:07"}
{"level":"error","message":"GET en /api/session/current  - at 25/6/2024 16:26:07"}
{"level":"error","message":"GET en /api/session/current  - at 25/6/2024 16:26:07"}
{"level":"error","message":"POST en /api/auth/login  - at 25/6/2024 16:26:10"}
{"level":"error","message":"GET en /views/products  - at 25/6/2024 16:26:12"}
{"level":"error","message":"GET en /js/index.js  - at 25/6/2024 16:26:13"}
{"level":"error","message":"GET en /api/products  - at 25/6/2024 16:26:13"}
{"level":"error","message":"GET en /api/session/current  - at 25/6/2024 16:26:15"}
{"level":"error","message":"GET en /views/managerProds  - at 25/6/2024 16:26:48"}
{"level":"error","message":"GET en /api/products  - at 25/6/2024 16:26:48"}
{"level":"error","message":"GET en /js/index.js  - at 25/6/2024 16:26:49"}
{"level":"error","message":"GET en /views/products  - at 25/6/2024 16:27:07"}
{"level":"error","message":"GET en /js/index.js  - at 25/6/2024 16:27:08"}
{"level":"error","message":"GET en /api/products  - at 25/6/2024 16:27:08"}
{"level":"error","message":"GET en /api/session/current  - at 25/6/2024 16:27:09"}
{"level":"error","message":"GET en /views/userManager  - at 25/6/2024 16:27:11"}
{"level":"error","message":"GET en /api/products  - at 25/6/2024 16:27:12"}
{"level":"error","message":"GET en /views/userManager  - at 25/6/2024 16:35:28"}
{"level":"error","message":"GET en /api/session/current  - at 25/6/2024 16:35:41"}
{"level":"error","message":"GET en /api/products  - at 25/6/2024 16:35:42"}
{"level":"error","message":"GET en /api/products  - at 25/6/2024 16:35:43"}
{"level":"error","message":"GET en /views/userManager  - at 25/6/2024 16:35:44"}
{"level":"error","message":"GET en /api/session/current  - at 25/6/2024 16:35:44"}
{"level":"error","message":"GET en /api/session/current  - at 25/6/2024 16:35:45"}
{"level":"error","message":"GET en /views/products  - at 25/6/2024 16:35:47"}
{"level":"error","message":"GET en /js/index.js  - at 25/6/2024 16:35:48"}
{"level":"error","message":"GET en /api/products  - at 25/6/2024 16:35:49"}
{"level":"error","message":"GET en /api/session/current  - at 25/6/2024 16:35:50"}
{"level":"error","message":"GET en /views/userManager  - at 25/6/2024 16:35:52"}
{"level":"error","message":"GET en /api/products  - at 25/6/2024 16:35:52"}
{"level":"error","message":"GET en /views/userManager  - at 25/6/2024 16:39:19"}
{"level":"error","message":"GET en /views/products  - at 25/6/2024 16:39:24"}
{"level":"error","message":"GET en /js/index.js  - at 25/6/2024 16:39:24"}
{"level":"error","message":"GET en /api/products  - at 25/6/2024 16:39:25"}
{"level":"error","message":"GET en /api/session/current  - at 25/6/2024 16:39:26"}
{"level":"error","message":"GET en /views/userManager  - at 25/6/2024 16:39:28"}
{"level":"error","message":"GET en /api/products  - at 25/6/2024 16:39:28"}
{"level":"error","message":"GET en /views/userManager  - at 25/6/2024 16:40:46"}
{"level":"error","message":"GET en /api/products  - at 25/6/2024 16:40:47"}
{"level":"error","message":"GET en /api/session/current  - at 25/6/2024 16:40:49"}
{"level":"error","message":"GET en /views/products  - at 25/6/2024 16:41:16"}
{"level":"error","message":"GET en /js/index.js  - at 25/6/2024 16:41:16"}
{"level":"error","message":"GET en /api/products  - at 25/6/2024 16:41:18"}
{"level":"error","message":"GET en /api/session/current  - at 25/6/2024 16:41:19"}
{"level":"error","message":"GET en /views/userManager  - at 25/6/2024 16:41:21"}
{"level":"error","message":"GET en /api/products  - at 25/6/2024 16:41:21"}
{"level":"error","message":"GET en /views/products  - at 25/6/2024 16:41:41"}
{"level":"error","message":"GET en /js/index.js  - at 25/6/2024 16:41:41"}
{"level":"error","message":"GET en /api/products  - at 25/6/2024 16:41:43"}
{"level":"error","message":"GET en /api/session/current  - at 25/6/2024 16:41:44"}
{"level":"error","message":"GET en /api/products  - at 25/6/2024 16:41:45"}
{"level":"error","message":"GET en /views/managerProds  - at 25/6/2024 16:41:45"}
{"level":"error","message":"GET en /js/index.js  - at 25/6/2024 16:41:45"}
{"level":"error","message":"GET en /views/products  - at 25/6/2024 16:41:48"}
{"level":"error","message":"GET en /js/index.js  - at 25/6/2024 16:41:49"}
{"level":"error","message":"GET en /api/products  - at 25/6/2024 16:41:50"}
{"level":"error","message":"GET en /api/session/current  - at 25/6/2024 16:41:50"}
{"level":"error","message":"GET en /api/products  - at 25/6/2024 16:41:52"}
{"level":"error","message":"GET en /views/userManager  - at 25/6/2024 16:41:52"}
{"level":"error","message":"GET en /views/products  - at 25/6/2024 16:42:30"}
{"level":"error","message":"GET en /js/index.js  - at 25/6/2024 16:42:30"}
{"level":"error","message":"GET en /api/products  - at 25/6/2024 16:42:32"}
{"level":"error","message":"GET en /api/session/current  - at 25/6/2024 16:42:33"}
{"level":"error","message":"GET en /views/userManager  - at 25/6/2024 16:42:35"}
{"level":"error","message":"GET en /api/products  - at 25/6/2024 16:42:35"}
{"level":"error","message":"GET en /views/products  - at 25/6/2024 16:42:39"}
{"level":"error","message":"GET en /js/index.js  - at 25/6/2024 16:42:40"}
{"level":"error","message":"GET en /api/products  - at 25/6/2024 16:42:40"}
{"level":"error","message":"GET en /api/session/current  - at 25/6/2024 16:42:41"}
{"level":"error","message":"GET en /views/managerProds  - at 25/6/2024 16:42:43"}
{"level":"error","message":"GET en /api/products  - at 25/6/2024 16:42:43"}
{"level":"error","message":"GET en /js/index.js  - at 25/6/2024 16:42:43"}
{"level":"error","message":"GET en /views/products  - at 25/6/2024 16:42:46"}
{"level":"error","message":"GET en /js/index.js  - at 25/6/2024 16:42:47"}
{"level":"error","message":"GET en /api/products  - at 25/6/2024 16:42:47"}
{"level":"error","message":"GET en /api/session/current  - at 25/6/2024 16:42:48"}
{"level":"error","message":"GET en /api/products  - at 25/6/2024 16:42:51"}
{"level":"error","message":"GET en /views/userManager  - at 25/6/2024 16:42:51"}
{"level":"error","message":"GET en /views/products  - at 25/6/2024 16:44:11"}
{"level":"error","message":"GET en /js/index.js  - at 25/6/2024 16:44:12"}
{"level":"error","message":"GET en /api/products  - at 25/6/2024 16:44:12"}
{"level":"error","message":"GET en /api/session/current  - at 25/6/2024 16:44:13"}
{"level":"error","message":"GET en /views/userManager  - at 25/6/2024 16:46:25"}
{"level":"error","message":"GET en /api/products  - at 25/6/2024 16:46:25"}
{"level":"error","message":"GET en /views/products  - at 25/6/2024 16:46:29"}
{"level":"error","message":"GET en /js/index.js  - at 25/6/2024 16:46:29"}
{"level":"error","message":"GET en /api/products  - at 25/6/2024 16:46:30"}
{"level":"error","message":"GET en /api/session/current  - at 25/6/2024 16:46:30"}
{"level":"error","message":"GET en /views/managerProds  - at 25/6/2024 16:46:32"}
{"level":"error","message":"GET en /api/products  - at 25/6/2024 16:46:32"}
{"level":"error","message":"GET en /js/index.js  - at 25/6/2024 16:46:33"}
{"level":"error","message":"GET en /views/products  - at 25/6/2024 16:46:37"}
{"level":"error","message":"GET en /js/index.js  - at 25/6/2024 16:46:37"}
{"level":"error","message":"GET en /api/products  - at 25/6/2024 16:46:37"}
{"level":"error","message":"GET en /api/session/current  - at 25/6/2024 16:46:38"}
{"level":"error","message":"GET en /api/products  - at 25/6/2024 16:46:40"}
{"level":"error","message":"GET en /views/userManager  - at 25/6/2024 16:46:40"}
{"level":"error","message":"GET en /views/login  - at 25/6/2024 16:46:48"}
{"level":"error","message":"POST en /api/auth/login  - at 25/6/2024 16:46:52"}
{"level":"error","message":"POST en /api/auth/login  - at 25/6/2024 16:46:55"}
{"level":"error","message":"GET en /views/products  - at 25/6/2024 16:46:56"}
{"level":"error","message":"GET en /js/index.js  - at 25/6/2024 16:46:56"}
{"level":"error","message":"GET en /api/products  - at 25/6/2024 16:46:57"}
{"level":"error","message":"GET en /api/session/current  - at 25/6/2024 16:46:58"}
{"level":"error","message":"GET en /api/products  - at 25/6/2024 16:47:02"}
{"level":"error","message":"GET en /views/userManager  - at 25/6/2024 16:47:02"}
{"level":"error","message":"GET en /views/login  - at 25/6/2024 19:00:59"}
{"level":"error","message":"POST en /api/auth/login  - at 25/6/2024 19:01:03"}
{"level":"error","message":"GET en /views/products  - at 25/6/2024 19:01:05"}
{"level":"error","message":"GET en /js/index.js  - at 25/6/2024 19:01:05"}
{"level":"error","message":"GET en /api/products  - at 25/6/2024 19:01:05"}
{"level":"error","message":"GET en /api/session/current  - at 25/6/2024 19:01:06"}
{"level":"error","message":"GET en /api/products  - at 25/6/2024 19:01:11"}
{"level":"error","message":"GET en /views/userManager  - at 25/6/2024 19:01:11"}
{"level":"error","message":"GET en /views/products  - at 25/6/2024 19:01:42"}
{"level":"error","message":"GET en /js/index.js  - at 25/6/2024 19:01:42"}
{"level":"error","message":"GET en /api/products  - at 25/6/2024 19:01:43"}
{"level":"error","message":"GET en /api/session/current  - at 25/6/2024 19:01:44"}
{"level":"error","message":"GET en /api/products  - at 25/6/2024 19:01:45"}
{"level":"error","message":"GET en /views/userManager  - at 25/6/2024 19:01:45"}
{"level":"error","message":"GET en /views/products  - at 25/6/2024 19:02:03"}
{"level":"error","message":"GET en /js/index.js  - at 25/6/2024 19:02:04"}
{"level":"error","message":"GET en /api/products  - at 25/6/2024 19:02:04"}
{"level":"error","message":"GET en /api/session/current  - at 25/6/2024 19:02:05"}
{"level":"error","message":"GET en /views/managerProds  - at 25/6/2024 19:02:06"}
{"level":"error","message":"GET en /api/products  - at 25/6/2024 19:02:06"}
{"level":"error","message":"GET en /js/index.js  - at 25/6/2024 19:02:07"}
{"level":"error","message":"GET en /views/products  - at 25/6/2024 19:02:09"}
{"level":"error","message":"GET en /js/index.js  - at 25/6/2024 19:02:09"}
{"level":"error","message":"GET en /api/products  - at 25/6/2024 19:02:09"}
{"level":"error","message":"GET en /api/session/current  - at 25/6/2024 19:02:10"}
{"level":"error","message":"GET en /api/products  - at 25/6/2024 19:02:12"}
{"level":"error","message":"GET en /views/userManager  - at 25/6/2024 19:02:12"}
{"level":"error","message":"GET en /views/products  - at 25/6/2024 19:03:02"}
{"level":"error","message":"GET en /js/index.js  - at 25/6/2024 19:03:02"}
{"level":"error","message":"GET en /api/products  - at 25/6/2024 19:03:03"}
{"level":"error","message":"GET en /api/session/current  - at 25/6/2024 19:03:04"}
{"level":"error","message":"GET en /views/userManager  - at 25/6/2024 19:03:05"}
{"level":"error","message":"GET en /api/products  - at 25/6/2024 19:03:05"}
{"level":"error","message":"GET en /views/products  - at 25/6/2024 19:03:08"}
{"level":"error","message":"GET en /js/index.js  - at 25/6/2024 19:03:08"}
{"level":"error","message":"GET en /api/products  - at 25/6/2024 19:03:08"}
{"level":"error","message":"GET en /api/session/current  - at 25/6/2024 19:03:09"}
{"level":"error","message":"GET en /views/managerProds  - at 25/6/2024 19:03:11"}
{"level":"error","message":"GET en /api/products  - at 25/6/2024 19:03:11"}
{"level":"error","message":"GET en /js/index.js  - at 25/6/2024 19:03:11"}
{"level":"error","message":"GET en /views/products  - at 25/6/2024 19:03:13"}
{"level":"error","message":"GET en /js/index.js  - at 25/6/2024 19:03:14"}
{"level":"error","message":"GET en /api/products  - at 25/6/2024 19:03:14"}
{"level":"error","message":"GET en /api/session/current  - at 25/6/2024 19:03:15"}
{"level":"error","message":"GET en /views/userManager  - at 25/6/2024 19:03:17"}
{"level":"error","message":"GET en /api/products  - at 25/6/2024 19:03:17"}
{"level":"error","message":"GET en /views/products  - at 25/6/2024 19:03:20"}
{"level":"error","message":"GET en /js/index.js  - at 25/6/2024 19:03:21"}
{"level":"error","message":"GET en /api/products  - at 25/6/2024 19:03:21"}
{"level":"error","message":"GET en /api/session/current  - at 25/6/2024 19:03:22"}
{"level":"error","message":"GET en /api/products  - at 25/6/2024 19:03:23"}
{"level":"error","message":"GET en /views/userManager  - at 25/6/2024 19:03:23"}
{"level":"error","message":"GET en /views/products  - at 25/6/2024 19:03:26"}
{"level":"error","message":"GET en /js/index.js  - at 25/6/2024 19:03:26"}
{"level":"error","message":"GET en /api/products  - at 25/6/2024 19:03:27"}
{"level":"error","message":"GET en /api/session/current  - at 25/6/2024 19:03:27"}
{"level":"error","message":"GET en /views/userManager  - at 25/6/2024 19:03:30"}
{"level":"error","message":"GET en /api/products  - at 25/6/2024 19:03:30"}
{"level":"error","message":"GET en /views/products  - at 25/6/2024 19:04:29"}
{"level":"error","message":"GET en /js/index.js  - at 25/6/2024 19:04:29"}
{"level":"error","message":"GET en /api/products  - at 25/6/2024 19:04:30"}
{"level":"error","message":"GET en /api/session/current  - at 25/6/2024 19:04:31"}
{"level":"error","message":"GET en /views/userManager  - at 25/6/2024 19:04:33"}
{"level":"error","message":"GET en /api/products  - at 25/6/2024 19:04:33"}
{"level":"error","message":"GET en /views/products  - at 25/6/2024 19:04:35"}
{"level":"error","message":"GET en /js/index.js  - at 25/6/2024 19:04:36"}
{"level":"error","message":"GET en /api/products  - at 25/6/2024 19:04:36"}
{"level":"error","message":"GET en /api/session/current  - at 25/6/2024 19:04:37"}
{"level":"error","message":"GET en /views/userManager  - at 25/6/2024 19:04:38"}
{"level":"error","message":"GET en /api/products  - at 25/6/2024 19:04:38"}
{"level":"error","message":"GET en /views/products  - at 25/6/2024 19:04:40"}
{"level":"error","message":"GET en /js/index.js  - at 25/6/2024 19:04:41"}
{"level":"error","message":"GET en /api/products  - at 25/6/2024 19:04:41"}
{"level":"error","message":"GET en /api/session/current  - at 25/6/2024 19:04:42"}
{"level":"error","message":"GET en /views/userManager  - at 25/6/2024 19:04:43"}
{"level":"error","message":"GET en /api/products  - at 25/6/2024 19:04:43"}
{"level":"error","message":"GET en /views/products  - at 25/6/2024 19:04:57"}
{"level":"error","message":"GET en /js/index.js  - at 25/6/2024 19:04:57"}
{"level":"error","message":"GET en /api/products  - at 25/6/2024 19:04:58"}
{"level":"error","message":"GET en /api/session/current  - at 25/6/2024 19:04:59"}
{"level":"error","message":"GET en /api/products  - at 25/6/2024 19:05:01"}
{"level":"error","message":"GET en /views/userManager  - at 25/6/2024 19:05:01"}
{"level":"error","message":"GET en /views/products  - at 25/6/2024 19:05:12"}
{"level":"error","message":"GET en /js/index.js  - at 25/6/2024 19:05:12"}
{"level":"error","message":"GET en /api/products  - at 25/6/2024 19:05:13"}
{"level":"error","message":"GET en /api/session/current  - at 25/6/2024 19:05:13"}
{"level":"error","message":"GET en /views/userManager  - at 25/6/2024 19:05:15"}
{"level":"error","message":"GET en /api/products  - at 25/6/2024 19:05:15"}
{"level":"error","message":"GET en /views/products  - at 25/6/2024 19:05:27"}
{"level":"error","message":"GET en /js/index.js  - at 25/6/2024 19:05:27"}
{"level":"error","message":"GET en /api/products  - at 25/6/2024 19:05:28"}
{"level":"error","message":"GET en /api/session/current  - at 25/6/2024 19:05:28"}
{"level":"error","message":"GET en /views/managerProds  - at 25/6/2024 19:05:30"}
{"level":"error","message":"GET en /api/products  - at 25/6/2024 19:05:30"}
{"level":"error","message":"GET en /js/index.js  - at 25/6/2024 19:05:31"}
{"level":"error","message":"GET en /views/products  - at 25/6/2024 19:05:33"}
{"level":"error","message":"GET en /js/index.js  - at 25/6/2024 19:05:34"}
{"level":"error","message":"GET en /api/products  - at 25/6/2024 19:05:34"}
{"level":"error","message":"GET en /api/session/current  - at 25/6/2024 19:05:35"}
{"level":"error","message":"GET en /api/products  - at 25/6/2024 19:05:36"}
{"level":"error","message":"GET en /views/userManager  - at 25/6/2024 19:05:36"}
{"level":"error","message":"GET en /views/products  - at 25/6/2024 19:05:39"}
{"level":"error","message":"GET en /js/index.js  - at 25/6/2024 19:05:39"}
{"level":"error","message":"GET en /api/products  - at 25/6/2024 19:05:40"}
{"level":"error","message":"GET en /api/session/current  - at 25/6/2024 19:05:40"}
{"level":"error","message":"GET en /views/managerProds  - at 25/6/2024 19:05:53"}
{"level":"error","message":"GET en /api/products  - at 25/6/2024 19:05:53"}
{"level":"error","message":"GET en /js/index.js  - at 25/6/2024 19:05:53"}
{"level":"error","message":"GET en /views/products  - at 25/6/2024 19:05:56"}
{"level":"error","message":"GET en /js/index.js  - at 25/6/2024 19:05:56"}
{"level":"error","message":"GET en /api/products  - at 25/6/2024 19:05:57"}
{"level":"error","message":"GET en /api/session/current  - at 25/6/2024 19:05:57"}
{"level":"error","message":"GET en /api/products  - at 25/6/2024 19:05:59"}
{"level":"error","message":"GET en /views/userManager  - at 25/6/2024 19:05:59"}
{"level":"error","message":"GET en /views/products  - at 25/6/2024 19:06:36"}
{"level":"error","message":"GET en /js/index.js  - at 25/6/2024 19:06:37"}
{"level":"error","message":"GET en /api/products  - at 25/6/2024 19:06:37"}
{"level":"error","message":"GET en /api/session/current  - at 25/6/2024 19:06:38"}
{"level":"error","message":"GET en /views/userManager  - at 25/6/2024 19:06:40"}
{"level":"error","message":"GET en /api/products  - at 25/6/2024 19:06:40"}
{"level":"error","message":"GET en /views/products  - at 25/6/2024 19:07:22"}
{"level":"error","message":"GET en /js/index.js  - at 25/6/2024 19:07:22"}
{"level":"error","message":"GET en /api/products  - at 25/6/2024 19:07:23"}
{"level":"error","message":"GET en /api/session/current  - at 25/6/2024 19:07:23"}
{"level":"error","message":"GET en /views/managerProds  - at 25/6/2024 19:07:25"}
{"level":"error","message":"GET en /api/products  - at 25/6/2024 19:07:25"}
{"level":"error","message":"GET en /js/index.js  - at 25/6/2024 19:07:26"}
{"level":"error","message":"GET en /views/products  - at 25/6/2024 19:07:27"}
{"level":"error","message":"GET en /js/index.js  - at 25/6/2024 19:07:28"}
{"level":"error","message":"GET en /api/products  - at 25/6/2024 19:07:28"}
{"level":"error","message":"GET en /api/session/current  - at 25/6/2024 19:07:29"}
{"level":"error","message":"GET en /api/products  - at 25/6/2024 19:07:30"}
{"level":"error","message":"GET en /views/userManager  - at 25/6/2024 19:07:30"}
{"level":"error","message":"GET en /views/products  - at 25/6/2024 19:07:33"}
{"level":"error","message":"GET en /js/index.js  - at 25/6/2024 19:07:33"}
{"level":"error","message":"GET en /api/products  - at 25/6/2024 19:07:34"}
{"level":"error","message":"GET en /api/session/current  - at 25/6/2024 19:07:34"}
{"level":"error","message":"GET en /views/managerProds  - at 25/6/2024 19:07:35"}
{"level":"error","message":"GET en /api/products  - at 25/6/2024 19:07:35"}
{"level":"error","message":"GET en /js/index.js  - at 25/6/2024 19:07:36"}
{"level":"error","message":"GET en /views/products  - at 25/6/2024 19:07:38"}
{"level":"error","message":"GET en /js/index.js  - at 25/6/2024 19:07:39"}
{"level":"error","message":"GET en /api/products  - at 25/6/2024 19:07:39"}
{"level":"error","message":"GET en /api/session/current  - at 25/6/2024 19:07:39"}
{"level":"error","message":"GET en /views/userManager  - at 25/6/2024 19:07:41"}
{"level":"error","message":"GET en /api/products  - at 25/6/2024 19:07:41"}
{"level":"error","message":"GET en /views/products  - at 25/6/2024 19:07:49"}
{"level":"error","message":"GET en /js/index.js  - at 25/6/2024 19:07:49"}
{"level":"error","message":"GET en /api/products  - at 25/6/2024 19:07:50"}
{"level":"error","message":"GET en /api/session/current  - at 25/6/2024 19:07:50"}
{"level":"error","message":"GET en /views/managerProds  - at 25/6/2024 19:07:51"}
{"level":"error","message":"GET en /api/products  - at 25/6/2024 19:07:51"}
{"level":"error","message":"GET en /js/index.js  - at 25/6/2024 19:07:52"}
{"level":"error","message":"GET en /views/products  - at 25/6/2024 19:07:55"}
{"level":"error","message":"GET en /js/index.js  - at 25/6/2024 19:07:55"}
{"level":"error","message":"GET en /api/products  - at 25/6/2024 19:07:55"}
{"level":"error","message":"GET en /api/session/current  - at 25/6/2024 19:07:56"}
{"level":"error","message":"GET en /views/userManager  - at 25/6/2024 19:07:57"}
{"level":"error","message":"GET en /api/products  - at 25/6/2024 19:07:57"}
{"level":"error","message":"GET en /views/products  - at 25/6/2024 19:08:36"}
{"level":"error","message":"GET en /js/index.js  - at 25/6/2024 19:08:36"}
{"level":"error","message":"GET en /api/products  - at 25/6/2024 19:08:38"}
{"level":"error","message":"GET en /api/session/current  - at 25/6/2024 19:08:38"}
{"level":"error","message":"GET en /api/products  - at 25/6/2024 19:08:40"}
{"level":"error","message":"GET en /views/userManager  - at 25/6/2024 19:08:40"}
{"level":"error","message":"GET en /views/products  - at 25/6/2024 19:08:42"}
{"level":"error","message":"GET en /js/index.js  - at 25/6/2024 19:08:43"}
{"level":"error","message":"GET en /api/products  - at 25/6/2024 19:08:43"}
{"level":"error","message":"GET en /api/session/current  - at 25/6/2024 19:08:44"}
{"level":"error","message":"GET en /views/userManager  - at 25/6/2024 19:08:46"}
{"level":"error","message":"GET en /api/products  - at 25/6/2024 19:08:46"}
{"level":"error","message":"GET en /views/products  - at 25/6/2024 19:08:48"}
{"level":"error","message":"GET en /js/index.js  - at 25/6/2024 19:08:48"}
{"level":"error","message":"GET en /api/products  - at 25/6/2024 19:08:49"}
{"level":"error","message":"GET en /api/session/current  - at 25/6/2024 19:08:49"}
{"level":"error","message":"GET en /views/userManager  - at 25/6/2024 19:08:51"}
{"level":"error","message":"GET en /api/products  - at 25/6/2024 19:08:51"}
{"level":"error","message":"GET en /views/products  - at 25/6/2024 19:09:56"}
{"level":"error","message":"GET en /js/index.js  - at 25/6/2024 19:09:56"}
{"level":"error","message":"GET en /api/products  - at 25/6/2024 19:09:57"}
{"level":"error","message":"GET en /api/session/current  - at 25/6/2024 19:09:58"}
{"level":"error","message":"GET en /views/userManager  - at 25/6/2024 19:09:59"}
{"level":"error","message":"GET en /api/products  - at 25/6/2024 19:09:59"}
{"level":"error","message":"GET en /views/products  - at 25/6/2024 19:10:57"}
{"level":"error","message":"GET en /js/index.js  - at 25/6/2024 19:10:58"}
{"level":"error","message":"GET en /api/products  - at 25/6/2024 19:10:59"}
{"level":"error","message":"GET en /api/session/current  - at 25/6/2024 19:11:00"}
{"level":"error","message":"GET en /views/cart  - at 25/6/2024 19:11:01"}
{"level":"error","message":"GET en /api/products  - at 25/6/2024 19:11:01"}
{"level":"error","message":"GET en /js/index.js  - at 25/6/2024 19:11:01"}
{"level":"error","message":"GET en /api/session/current  - at 25/6/2024 19:11:02"}
{"level":"error","message":"GET en /api/cart/66246555947b755857aade9d  - at 25/6/2024 19:11:02"}
{"level":"error","message":"GET en /api/session/current  - at 25/6/2024 19:11:06"}
{"level":"error","message":"GET en /views/products  - at 25/6/2024 19:11:06"}
{"level":"error","message":"GET en /js/index.js  - at 25/6/2024 19:11:06"}
{"level":"error","message":"GET en /api/cart/66246555947b755857aade9d  - at 25/6/2024 19:11:06"}
{"level":"error","message":"GET en /api/products  - at 25/6/2024 19:11:06"}
{"level":"error","message":"GET en /api/session/current  - at 25/6/2024 19:11:07"}
{"level":"error","message":"GET en /views/managerProds  - at 25/6/2024 19:11:09"}
{"level":"error","message":"GET en /api/products  - at 25/6/2024 19:11:09"}
{"level":"error","message":"GET en /js/index.js  - at 25/6/2024 19:11:10"}
{"level":"error","message":"GET en /views/products  - at 25/6/2024 19:11:13"}
{"level":"error","message":"GET en /js/index.js  - at 25/6/2024 19:11:13"}
{"level":"error","message":"GET en /api/products  - at 25/6/2024 19:11:14"}
{"level":"error","message":"GET en /api/session/current  - at 25/6/2024 19:11:14"}
{"level":"error","message":"GET en /views/userManager  - at 25/6/2024 19:11:15"}
{"level":"error","message":"GET en /api/products  - at 25/6/2024 19:11:15"}
{"level":"error","message":"GET en /views/products  - at 25/6/2024 19:14:28"}
{"level":"error","message":"GET en /js/index.js  - at 25/6/2024 19:14:28"}
{"level":"error","message":"GET en /api/products  - at 25/6/2024 19:14:29"}
{"level":"error","message":"GET en /api/session/current  - at 25/6/2024 19:14:30"}
{"level":"error","message":"GET en /views/userManager  - at 25/6/2024 19:14:31"}
{"level":"error","message":"GET en /api/products  - at 25/6/2024 19:14:31"}
{"level":"error","message":"GET en /api/session/current  - at 25/6/2024 19:14:33"}
{"level":"error","message":"GET en /views/managerProds  - at 25/6/2024 19:14:46"}
{"level":"error","message":"GET en /js/index.js  - at 25/6/2024 19:14:47"}
{"level":"error","message":"GET en /api/products  - at 25/6/2024 19:14:48"}
{"level":"error","message":"GET en /api/products  - at 25/6/2024 19:14:49"}
{"level":"error","message":"GET en /views/products  - at 25/6/2024 19:14:50"}
{"level":"error","message":"GET en /js/index.js  - at 25/6/2024 19:14:50"}
{"level":"error","message":"GET en /api/products  - at 25/6/2024 19:14:50"}
{"level":"error","message":"GET en /api/session/current  - at 25/6/2024 19:14:51"}
{"level":"error","message":"GET en /views/cart  - at 25/6/2024 19:15:09"}
{"level":"error","message":"GET en /js/index.js  - at 25/6/2024 19:15:09"}
{"level":"error","message":"GET en /api/products  - at 25/6/2024 19:15:10"}
{"level":"error","message":"GET en /api/session/current  - at 25/6/2024 19:15:10"}
{"level":"error","message":"GET en /api/cart/66246555947b755857aade9d  - at 25/6/2024 19:15:11"}
{"level":"error","message":"GET en /views/products  - at 25/6/2024 19:15:12"}
{"level":"error","message":"GET en /api/session/current  - at 25/6/2024 19:15:12"}
{"level":"error","message":"GET en /js/index.js  - at 25/6/2024 19:15:13"}
{"level":"error","message":"GET en /api/products  - at 25/6/2024 19:15:13"}
{"level":"error","message":"GET en /api/session/current  - at 25/6/2024 19:15:14"}
{"level":"error","message":"GET en /views/userManager  - at 25/6/2024 19:15:15"}
{"level":"error","message":"GET en /views/products  - at 25/6/2024 19:15:18"}
{"level":"error","message":"GET en /js/index.js  - at 25/6/2024 19:15:19"}
{"level":"error","message":"GET en /api/products  - at 25/6/2024 19:15:19"}
{"level":"error","message":"GET en /api/session/current  - at 25/6/2024 19:15:20"}
{"level":"error","message":"GET en /views/userManager  - at 25/6/2024 19:15:21"}
{"level":"error","message":"GET en /views/managerProds  - at 25/6/2024 19:20:30"}
{"level":"error","message":"GET en /js/index.js  - at 25/6/2024 19:20:30"}
{"level":"error","message":"GET en /views/managerProds  - at 25/6/2024 19:20:35"}
{"level":"error","message":"GET en /js/index.js  - at 25/6/2024 19:20:36"}
{"level":"error","message":"GET en /views/userManager  - at 25/6/2024 19:20:38"}
{"level":"error","message":"GET en /views/userManager  - at 25/6/2024 19:28:30"}
{"level":"error","message":"GET en /views/userManager  - at 25/6/2024 19:28:32"}
{"level":"error","message":"GET en /views/managerProds  - at 25/6/2024 19:29:11"}
{"level":"error","message":"GET en /js/index.js  - at 25/6/2024 19:29:12"}
{"level":"error","message":"GET en /views/userManager  - at 25/6/2024 19:29:20"}
{"level":"error","message":"GET en /views/products  - at 25/6/2024 19:31:26"}
{"level":"error","message":"GET en /js/index.js  - at 25/6/2024 19:31:26"}
{"level":"error","message":"GET en /api/products  - at 25/6/2024 19:31:26"}
{"level":"error","message":"GET en /api/session/current  - at 25/6/2024 19:31:27"}
{"level":"error","message":"GET en /views/userManager  - at 25/6/2024 19:31:43"}
{"level":"error","message":"GET en /views/products  - at 25/6/2024 19:31:50"}
{"level":"error","message":"GET en /js/index.js  - at 25/6/2024 19:31:50"}
{"level":"error","message":"GET en /api/products  - at 25/6/2024 19:31:50"}
{"level":"error","message":"GET en /api/session/current  - at 25/6/2024 19:31:51"}
{"level":"error","message":"GET en /views/userManager  - at 25/6/2024 19:31:53"}
{"level":"error","message":"GET en /views/login  - at 25/6/2024 20:26:37"}
{"level":"error","message":"GET en /favicon.ico  - at 25/6/2024 20:26:37"}
{"level":"error","message":"POST en /api/auth/login  - at 25/6/2024 20:26:43"}
{"level":"error","message":"GET en /views/products  - at 25/6/2024 20:26:44"}
{"level":"error","message":"GET en /js/index.js  - at 25/6/2024 20:26:45"}
{"level":"error","message":"GET en /api/products  - at 25/6/2024 20:26:45"}
{"level":"error","message":"GET en /api/session/current  - at 25/6/2024 20:26:46"}
{"level":"error","message":"GET en /views/userManager  - at 25/6/2024 20:26:49"}
{"level":"error","message":"GET en /views/products  - at 25/6/2024 20:28:30"}
{"level":"error","message":"GET en /js/index.js  - at 25/6/2024 20:28:31"}
{"level":"error","message":"GET en /api/products  - at 25/6/2024 20:28:31"}
{"level":"error","message":"GET en /api/session/current  - at 25/6/2024 20:28:32"}
{"level":"error","message":"GET en /views/managerProds  - at 25/6/2024 20:28:35"}
{"level":"error","message":"GET en /js/index.js  - at 25/6/2024 20:28:36"}
{"level":"error","message":"GET en /views/userManager  - at 25/6/2024 20:28:38"}
{"level":"error","message":"GET en /views/managerProds  - at 25/6/2024 20:28:41"}
{"level":"error","message":"GET en /js/index.js  - at 25/6/2024 20:28:41"}
{"level":"error","message":"GET en /views/userManager  - at 25/6/2024 20:28:44"}
{"level":"error","message":"GET en /views/managerProds  - at 25/6/2024 20:28:47"}
{"level":"error","message":"GET en /js/index.js  - at 25/6/2024 20:28:47"}
{"level":"error","message":"GET en /views/userManager  - at 25/6/2024 20:28:49"}
{"level":"error","message":"GET en /views/userManager  - at 25/6/2024 20:29:18"}
{"level":"error","message":"GET en /js/index.js  - at 25/6/2024 20:29:18"}
{"level":"error","message":"GET en /api/user  - at 25/6/2024 20:29:19"}
{"level":"error","message":"GET en /views/userManager  - at 25/6/2024 20:29:41"}
{"level":"error","message":"GET en /js/index.js  - at 25/6/2024 20:29:41"}
{"level":"error","message":"GET en /api/user  - at 25/6/2024 20:29:42"}
{"level":"error","message":"GET en /views/userManager  - at 25/6/2024 20:30:03"}
{"level":"error","message":"GET en /js/index.js  - at 25/6/2024 20:30:04"}
{"level":"error","message":"GET en /api/users  - at 25/6/2024 20:30:05"}
{"level":"error","message":"GET en /views/userManager  - at 25/6/2024 20:30:24"}
{"level":"error","message":"GET en /js/index.js  - at 25/6/2024 20:30:25"}
{"level":"error","message":"GET en /api/users  - at 25/6/2024 20:30:26"}
{"level":"error","message":"GET en /views/products  - at 25/6/2024 20:32:00"}
{"level":"error","message":"GET en /js/index.js  - at 25/6/2024 20:32:01"}
{"level":"error","message":"GET en /api/products  - at 25/6/2024 20:32:02"}
{"level":"error","message":"GET en /api/session/current  - at 25/6/2024 20:32:03"}
{"level":"error","message":"GET en /views/userManager  - at 25/6/2024 20:32:04"}
{"level":"error","message":"GET en /js/index.js  - at 25/6/2024 20:32:05"}
{"level":"error","message":"GET en /api/users  - at 25/6/2024 20:32:05"}
{"level":"error","message":"GET en /views/products  - at 25/6/2024 20:32:24"}
{"level":"error","message":"GET en /js/index.js  - at 25/6/2024 20:32:25"}
{"level":"error","message":"GET en /api/products  - at 25/6/2024 20:32:26"}
{"level":"error","message":"GET en /api/session/current  - at 25/6/2024 20:32:27"}
{"level":"error","message":"GET en /views/userManager  - at 25/6/2024 20:32:28"}
{"level":"error","message":"GET en /js/index.js  - at 25/6/2024 20:32:28"}
{"level":"error","message":"GET en /api/users  - at 25/6/2024 20:32:29"}
{"level":"error","message":"GET en /views/products  - at 25/6/2024 20:36:28"}
{"level":"error","message":"GET en /js/index.js  - at 25/6/2024 20:36:29"}
{"level":"error","message":"GET en /api/products  - at 25/6/2024 20:36:29"}
{"level":"error","message":"GET en /api/session/current  - at 25/6/2024 20:36:30"}
{"level":"error","message":"GET en /views/userManager  - at 25/6/2024 20:36:31"}
{"level":"error","message":"GET en /js/index.js  - at 25/6/2024 20:36:32"}
{"level":"error","message":"GET en /api/users  - at 25/6/2024 20:36:32"}
{"level":"error","message":"GET en /views/userManager  - at 25/6/2024 20:42:28"}
{"level":"error","message":"GET en /js/index.js  - at 25/6/2024 20:42:29"}
{"level":"error","message":"GET en /api/users  - at 25/6/2024 20:42:30"}
{"level":"error","message":"GET en /api/session/current  - at 25/6/2024 21:26:51"}
{"level":"error","message":"GET en /views/userManager  - at 25/6/2024 21:26:54"}
{"level":"error","message":"GET en /js/index.js  - at 25/6/2024 21:26:55"}
{"level":"error","message":"GET en /api/users  - at 25/6/2024 21:26:56"}
{"level":"error","message":"PUT en /api/users/change_rol  - at 25/6/2024 21:27:01"}
{"level":"error","message":"GET en /views/userManager  - at 25/6/2024 21:27:02"}
{"level":"error","message":"GET en /js/index.js  - at 25/6/2024 21:27:02"}
{"level":"error","message":"GET en /api/users  - at 25/6/2024 21:27:03"}
{"level":"error","message":"PUT en /api/users/change_rol  - at 25/6/2024 21:27:28"}
{"level":"error","message":"GET en /views/userManager  - at 25/6/2024 21:27:28"}
{"level":"error","message":"GET en /js/index.js  - at 25/6/2024 21:27:29"}
{"level":"error","message":"GET en /api/users  - at 25/6/2024 21:27:29"}
{"level":"error","message":"PUT en /api/users/change_rol  - at 25/6/2024 21:27:58"}
{"level":"error","message":"GET en /views/userManager  - at 25/6/2024 21:27:59"}
{"level":"error","message":"GET en /js/index.js  - at 25/6/2024 21:27:59"}
{"level":"error","message":"GET en /api/users  - at 25/6/2024 21:28:01"}
{"level":"error","message":"PUT en /api/users/change_rol  - at 25/6/2024 21:28:04"}
{"level":"error","message":"GET en /views/userManager  - at 25/6/2024 21:28:05"}
{"level":"error","message":"GET en /js/index.js  - at 25/6/2024 21:28:06"}
{"level":"error","message":"GET en /api/users  - at 25/6/2024 21:28:06"}
{"level":"error","message":"PUT en /api/users/change_rol  - at 25/6/2024 21:28:18"}
{"level":"error","message":"GET en /views/userManager  - at 25/6/2024 21:28:19"}
{"level":"error","message":"GET en /js/index.js  - at 25/6/2024 21:28:20"}
{"level":"error","message":"GET en /api/users  - at 25/6/2024 21:28:21"}
{"level":"error","message":"GET en /views/userManager  - at 25/6/2024 21:28:25"}
{"level":"error","message":"GET en /js/index.js  - at 25/6/2024 21:28:25"}
{"level":"error","message":"GET en /api/users  - at 25/6/2024 21:28:25"}
{"level":"error","message":"PUT en /api/users/change_rol  - at 25/6/2024 21:28:30"}
{"level":"error","message":"GET en /views/login  - at 26/6/2024 16:44:32"}
{"level":"error","message":"GET en /favicon.ico  - at 26/6/2024 16:44:37"}
{"level":"error","message":"POST en /api/auth/login  - at 26/6/2024 16:45:06"}
{"level":"error","message":"GET en /views/products  - at 26/6/2024 16:45:20"}
{"level":"error","message":"GET en /js/index.js  - at 26/6/2024 16:45:20"}
{"level":"error","message":"GET en /api/products  - at 26/6/2024 16:45:20"}
{"level":"error","message":"GET en /api/session/current  - at 26/6/2024 16:45:21"}
{"level":"error","message":"GET en /views/userManager  - at 26/6/2024 16:45:47"}
{"level":"error","message":"GET en /js/index.js  - at 26/6/2024 16:45:47"}
{"level":"error","message":"GET en /api/users  - at 26/6/2024 16:45:48"}
{"level":"error","message":"PUT en /api/users/change_rol  - at 26/6/2024 16:46:08"}
{"level":"error","message":"GET en /api/session/current  - at 26/6/2024 16:49:06"}
{"level":"error","message":"GET en /views/userManager  - at 26/6/2024 16:49:07"}
{"level":"error","message":"GET en /js/index.js  - at 26/6/2024 16:49:08"}
{"level":"error","message":"GET en /api/users  - at 26/6/2024 16:49:08"}
{"level":"error","message":"PUT en /api/users/change_rol  - at 26/6/2024 16:49:14"}
{"level":"error","message":"GET en /views/userManager  - at 26/6/2024 16:50:07"}
{"level":"error","message":"GET en /js/index.js  - at 26/6/2024 16:50:07"}
{"level":"error","message":"GET en /api/users  - at 26/6/2024 16:50:08"}
{"level":"error","message":"PUT en /api/users/change_rol  - at 26/6/2024 16:50:39"}
{"level":"error","message":"GET en /views/userManager  - at 26/6/2024 16:51:13"}
{"level":"error","message":"GET en /js/index.js  - at 26/6/2024 16:51:13"}
{"level":"error","message":"GET en /api/users  - at 26/6/2024 16:51:14"}
{"level":"error","message":"PUT en /api/users/change_rol  - at 26/6/2024 16:51:18"}
{"level":"error","message":"GET en /views/userManager  - at 26/6/2024 16:53:59"}
{"level":"error","message":"GET en /js/index.js  - at 26/6/2024 16:53:59"}
{"level":"error","message":"GET en /api/users  - at 26/6/2024 16:54:01"}
{"level":"error","message":"PUT en /api/users/change_rol  - at 26/6/2024 16:57:32"}
{"level":"error","message":"GET en /views/userManager  - at 26/6/2024 16:57:34"}
{"level":"error","message":"GET en /js/index.js  - at 26/6/2024 16:57:36"}
{"level":"error","message":"GET en /api/users  - at 26/6/2024 16:57:37"}
{"level":"error","message":"PUT en /api/users/change_rol  - at 26/6/2024 16:57:46"}
{"level":"error","message":"GET en /views/userManager  - at 26/6/2024 16:57:50"}
{"level":"error","message":"GET en /js/index.js  - at 26/6/2024 16:57:50"}
{"level":"error","message":"GET en /api/users  - at 26/6/2024 16:57:50"}
{"level":"error","message":"PUT en /api/users/change_rol  - at 26/6/2024 16:58:17"}
{"level":"error","message":"GET en /views/userManager  - at 26/6/2024 16:58:20"}
{"level":"error","message":"GET en /js/index.js  - at 26/6/2024 16:58:20"}
{"level":"error","message":"GET en /api/users  - at 26/6/2024 16:58:21"}
{"level":"error","message":"PUT en /api/users/change_rol  - at 26/6/2024 16:58:33"}
{"level":"error","message":"GET en /views/userManager  - at 26/6/2024 16:58:33"}
{"level":"error","message":"GET en /js/index.js  - at 26/6/2024 16:58:34"}
{"level":"error","message":"GET en /api/users  - at 26/6/2024 16:58:34"}
{"level":"error","message":"DELETE en /api/users  - at 26/6/2024 16:58:40"}
{"level":"error","message":"GET en /views/userManager  - at 26/6/2024 16:59:41"}
{"level":"error","message":"GET en /js/index.js  - at 26/6/2024 16:59:41"}
{"level":"error","message":"GET en /api/users  - at 26/6/2024 16:59:41"}
{"level":"error","message":"DELETE en /api/users  - at 26/6/2024 16:59:48"}
{"level":"error","message":"GET en /views/login  - at 26/6/2024 19:48:20"}
{"level":"error","message":"GET en /favicon.ico  - at 26/6/2024 19:48:21"}
{"level":"error","message":"POST en /api/auth/login  - at 26/6/2024 19:48:27"}
{"level":"error","message":"POST en /api/auth/login  - at 26/6/2024 19:48:52"}
{"level":"error","message":"GET en /views/products  - at 26/6/2024 19:48:56"}
{"level":"error","message":"GET en /js/index.js  - at 26/6/2024 19:48:56"}
{"level":"error","message":"GET en /api/products  - at 26/6/2024 19:48:57"}
{"level":"error","message":"GET en /api/session/current  - at 26/6/2024 19:48:57"}
{"level":"error","message":"POST en /api/auth/login  - at 26/6/2024 19:52:39"}
{"level":"error","message":"GET en /views/products  - at 26/6/2024 19:52:41"}
{"level":"error","message":"GET en /js/index.js  - at 26/6/2024 19:52:42"}
{"level":"error","message":"GET en /api/products  - at 26/6/2024 19:52:43"}
{"level":"error","message":"GET en /api/session/current  - at 26/6/2024 19:52:44"}
{"level":"error","message":"POST en /api/auth/login  - at 26/6/2024 19:53:28"}
{"level":"error","message":"GET en /views/products  - at 26/6/2024 19:53:29"}
{"level":"error","message":"GET en /js/index.js  - at 26/6/2024 19:53:30"}
{"level":"error","message":"GET en /api/products  - at 26/6/2024 19:53:30"}
{"level":"error","message":"GET en /api/session/current  - at 26/6/2024 19:53:31"}
{"level":"error","message":"POST en /api/auth/login  - at 26/6/2024 19:55:16"}
{"level":"error","message":"GET en /views/products  - at 26/6/2024 19:55:18"}
{"level":"error","message":"GET en /js/index.js  - at 26/6/2024 19:55:18"}
{"level":"error","message":"GET en /api/products  - at 26/6/2024 19:55:19"}
{"level":"error","message":"GET en /api/session/current  - at 26/6/2024 19:55:19"}
{"level":"error","message":"GET en /views/logup  - at 26/6/2024 20:39:48"}
{"level":"error","message":"POST en /api/auth/register  - at 26/6/2024 20:39:59"}
{"level":"error","message":"POST en /api/cart/newCart  - at 26/6/2024 20:39:59"}
{"level":"error","message":"GET en /views/login  - at 26/6/2024 20:40:02"}
{"level":"error","message":"POST en /api/auth/login  - at 26/6/2024 20:40:13"}
{"level":"error","message":"GET en /views/products  - at 26/6/2024 20:40:14"}
{"level":"error","message":"GET en /js/index.js  - at 26/6/2024 20:40:14"}
{"level":"error","message":"GET en /api/products  - at 26/6/2024 20:40:15"}
{"level":"error","message":"GET en /api/session/current  - at 26/6/2024 20:40:15"}
{"level":"error","message":"DELETE en /api/users/inactive_users  - at 26/6/2024 22:00:00"}
{"level":"error","message":"DELETE en /api/users/inactive_users  - at 26/6/2024 22:03:00"}
{"level":"error","message":"DELETE en /api/users/inactive_users  - at 26/6/2024 22:06:00"}
{"level":"error","message":"DELETE en /api/users/inactive_users  - at 26/6/2024 22:07:00"}
{"level":"error","message":"DELETE en /api/users/inactive_users  - at 27/6/2024 20:34:00"}
{"level":"error","message":"DELETE en /api/users/inactive_users  - at 27/6/2024 20:36:00"}
{"level":"error","message":"DELETE en /api/users/inactive_users  - at 27/6/2024 20:38:00"}
{"level":"error","message":"DELETE en /api/users/inactive_users  - at 27/6/2024 20:41:00"}
{"level":"error","message":"DELETE en /api/users/inactive_users  - at 27/6/2024 20:43:00"}
{"level":"error","message":"GET en /views/login  - at 27/6/2024 20:44:47"}
{"level":"error","message":"GET en /favicon.ico  - at 27/6/2024 20:44:47"}
{"level":"error","message":"GET en /views/logup  - at 27/6/2024 20:44:49"}
{"level":"error","message":"POST en /api/auth/register  - at 27/6/2024 20:44:53"}
{"level":"error","message":"POST en /api/cart/newCart  - at 27/6/2024 20:44:54"}
{"level":"error","message":"GET en /views/login  - at 27/6/2024 20:44:56"}
{"level":"error","message":"DELETE en /api/users/inactive_users  - at 27/6/2024 20:46:00"}
{"level":"error","message":"POST en /api/auth/login  - at 27/6/2024 20:47:45"}
{"level":"error","message":"GET en /views/products  - at 27/6/2024 20:47:48"}
{"level":"error","message":"GET en /js/index.js  - at 27/6/2024 20:47:48"}
{"level":"error","message":"GET en /api/products  - at 27/6/2024 20:47:48"}
{"level":"error","message":"GET en /api/session/current  - at 27/6/2024 20:47:49"}
{"level":"error","message":"GET en /views/userManager  - at 27/6/2024 20:47:52"}
{"level":"error","message":"GET en /views/managerProds  - at 27/6/2024 20:47:54"}
{"level":"error","message":"PUT en /api/cart/addProdToCart/667df976674c408809174b5e/65d9333b219de0dcaff755e4  - at 27/6/2024 20:47:56"}
{"level":"error","message":"GET en /views/cart  - at 27/6/2024 20:47:58"}
{"level":"error","message":"GET en /js/index.js  - at 27/6/2024 20:47:58"}
{"level":"error","message":"GET en /api/session/current  - at 27/6/2024 20:47:59"}
{"level":"error","message":"GET en /api/cart/667df976674c408809174b5e  - at 27/6/2024 20:47:59"}
{"level":"error","message":"GET en /views/userManager  - at 27/6/2024 20:48:14"}
{"level":"error","message":"GET en /views/userManager  - at 27/6/2024 20:48:16"}
{"level":"error","message":"POST en /api/auth/login  - at 27/6/2024 20:48:19"}
{"level":"error","message":"GET en /views/products  - at 27/6/2024 20:48:20"}
{"level":"error","message":"GET en /js/index.js  - at 27/6/2024 20:48:20"}
{"level":"error","message":"GET en /api/products  - at 27/6/2024 20:48:20"}
{"level":"error","message":"GET en /api/session/current  - at 27/6/2024 20:48:21"}
{"level":"error","message":"GET en /views/userManager  - at 27/6/2024 20:48:22"}
{"level":"error","message":"GET en /js/index.js  - at 27/6/2024 20:48:23"}
{"level":"error","message":"GET en /api/users  - at 27/6/2024 20:48:23"}
{"level":"error","message":"DELETE en /api/users/inactive_users  - at 27/6/2024 20:49:00"}
{"level":"error","message":"DELETE en /api/users/inactive_users  - at 27/6/2024 20:54:00"}
{"level":"error","message":"DELETE en /api/users/inactive_users  - at 27/6/2024 20:57:00"}
{"level":"error","message":"GET en /api/auth/logout  - at 27/6/2024 20:57:11"}
{"level":"error","message":"GET en /views/login  - at 27/6/2024 20:57:11"}
{"level":"error","message":"GET en /views/logup  - at 27/6/2024 20:57:14"}
{"level":"error","message":"POST en /api/auth/register  - at 27/6/2024 20:57:31"}
{"level":"error","message":"POST en /api/cart/newCart  - at 27/6/2024 20:57:31"}
{"level":"error","message":"GET en /views/login  - at 27/6/2024 20:57:34"}
{"level":"error","message":"POST en /api/auth/login  - at 27/6/2024 20:57:39"}
{"level":"error","message":"GET en /views/products  - at 27/6/2024 20:57:40"}
{"level":"error","message":"GET en /js/index.js  - at 27/6/2024 20:57:41"}
{"level":"error","message":"GET en /api/products  - at 27/6/2024 20:57:41"}
{"level":"error","message":"GET en /api/session/current  - at 27/6/2024 20:57:42"}
{"level":"error","message":"DELETE en /api/users/inactive_users  - at 27/6/2024 20:59:00"}
